<?xml version="1.0" encoding="UTF-8"?>
<!-- Generated by org.testng.reporters.JUnitReportReporter -->
<testsuite hostname="LAPTOP-4PIP6EC5" failures="0" tests="1" name="appiumtest.mobileDevice" time="16.069" errors="0" timestamp="2022-10-04T21:17:29 IST" skipped="0">
  <testcase classname="appiumtest.mobileDevice" name="basicTest" time="16.069"/>
  <system-out/>
</testsuite> <!-- appiumtest.mobileDevice -->
